# JRE version: OpenJDK Runtime Environment (17.0.2+8) (build 17.0.2+8-86)
# Java VM: OpenJDK 64-Bit Server VM (17.0.2+8-86, mixed mode, sharing, tiered, compressed oops, compressed class ptrs, g1 gc, linux-amd64)
GC Precious Log:
 CPUs: 4 total, 4 available
 Memory: 7595M
 Large Page Support: Disabled
 NUMA Support: Disabled
 Compressed Oops: Enabled (32-bit)
 Heap Region Size: 1M
 Heap Min Capacity: 8M
 Heap Initial Capacity: 120M
 Heap Max Capacity: 1G
 Pre-touch: Disabled
 Parallel Workers: 4
 Concurrent Workers: 1
 Concurrent Refinement Workers: 4
 Periodic GC: Disabled
Heap:
 garbage-first heap   total 395264K, used 197662K [0x00000000c0000000, 0x0000000100000000)
  region size 1024K, 55 young (56320K), 5 survivors (5120K)
 Metaspace       used 93015K, committed 93696K, reserved 1130496K
  class space    used 12167K, committed 12480K, reserved 1048576K
GC Heap History (20 events):
Event: 6621.747 GC heap before
{Heap before GC invocations=72 (full 5):
 garbage-first heap   total 463872K, used 248686K [0x00000000c0000000, 0x0000000100000000)
  region size 1024K, 107 young (109568K), 4 survivors (4096K)
 Metaspace       used 92088K, committed 92800K, reserved 1130496K
  class space    used 12142K, committed 12480K, reserved 1048576K
}
Event: 6621.930 GC heap after
{Heap after GC invocations=73 (full 6):
 garbage-first heap   total 242688K, used 70828K [0x00000000c0000000, 0x0000000100000000)
  region size 1024K, 0 young (0K), 0 survivors (0K)
 Metaspace       used 90305K, committed 91264K, reserved 1130496K
  class space    used 11899K, committed 12288K, reserved 1048576K
}
Event: 6690.002 GC heap before
{Heap before GC invocations=73 (full 6):
 garbage-first heap   total 242688K, used 131244K [0x00000000c0000000, 0x0000000100000000)
  region size 1024K, 58 young (59392K), 0 survivors (0K)
 Metaspace       used 90601K, committed 91328K, reserved 1130496K
  class space    used 11923K, committed 12288K, reserved 1048576K
}
Event: 6690.114 GC heap after
{Heap after GC invocations=74 (full 7):
 garbage-first heap   total 225280K, used 64281K [0x00000000c0000000, 0x0000000100000000)
  region size 1024K, 0 young (0K), 0 survivors (0K)
 Metaspace       used 90507K, committed 91328K, reserved 1130496K
  class space    used 11903K, committed 12288K, reserved 1048576K
}
Event: 6917.012 GC heap before
{Heap before GC invocations=74 (full 7):
 garbage-first heap   total 225280K, used 121625K [0x00000000c0000000, 0x0000000100000000)
  region size 1024K, 56 young (57344K), 0 survivors (0K)
 Metaspace       used 90754K, committed 91520K, reserved 1130496K
  class space    used 11918K, committed 12288K, reserved 1048576K
}
Event: 6917.106 GC heap after
{Heap after GC invocations=75 (full 8):
 garbage-first heap   total 222208K, used 64362K [0x00000000c0000000, 0x0000000100000000)
  region size 1024K, 0 young (0K), 0 survivors (0K)
 Metaspace       used 90754K, committed 91520K, reserved 1130496K
  class space    used 11918K, committed 12288K, reserved 1048576K
}
Event: 7062.422 GC heap before
{Heap before GC invocations=75 (full 8):
 garbage-first heap   total 222208K, used 118634K [0x00000000c0000000, 0x0000000100000000)
  region size 1024K, 53 young (54272K), 0 survivors (0K)
 Metaspace       used 90982K, committed 91712K, reserved 1130496K
  class space    used 11922K, committed 12288K, reserved 1048576K
}
Event: 7062.529 GC heap after
{Heap after GC invocations=76 (full 9):
 garbage-first heap   total 222208K, used 64297K [0x00000000c0000000, 0x0000000100000000)
  region size 1024K, 0 young (0K), 0 survivors (0K)
 Metaspace       used 90982K, committed 91712K, reserved 1130496K
  class space    used 11922K, committed 12288K, reserved 1048576K
}
Event: 7264.307 GC heap before
{Heap before GC invocations=76 (full 9):
 garbage-first heap   total 222208K, used 151337K [0x00000000c0000000, 0x0000000100000000)
  region size 1024K, 74 young (75776K), 0 survivors (0K)
 Metaspace       used 91151K, committed 91840K, reserved 1130496K
  class space    used 11928K, committed 12288K, reserved 1048576K
}
Event: 7264.353 GC heap after
{Heap after GC invocations=77 (full 9):
 garbage-first heap   total 222208K, used 85574K [0x00000000c0000000, 0x0000000100000000)
  region size 1024K, 10 young (10240K), 10 survivors (10240K)
 Metaspace       used 91151K, committed 91840K, reserved 1130496K
  class space    used 11928K, committed 12288K, reserved 1048576K
}
Event: 7265.457 GC heap before
{Heap before GC invocations=77 (full 9):
 garbage-first heap   total 222208K, used 152134K [0x00000000c0000000, 0x0000000100000000)
  region size 1024K, 72 young (73728K), 10 survivors (10240K)
 Metaspace       used 91383K, committed 92096K, reserved 1130496K
  class space    used 11945K, committed 12288K, reserved 1048576K
}
Event: 7265.505 GC heap after
{Heap after GC invocations=78 (full 9):
 garbage-first heap   total 222208K, used 104924K [0x00000000c0000000, 0x0000000100000000)
  region size 1024K, 9 young (9216K), 9 survivors (9216K)
 Metaspace       used 91383K, committed 92096K, reserved 1130496K
  class space    used 11945K, committed 12288K, reserved 1048576K
}
Event: 7265.793 GC heap before
{Heap before GC invocations=78 (full 9):
 garbage-first heap   total 222208K, used 157148K [0x00000000c0000000, 0x0000000100000000)
  region size 1024K, 60 young (61440K), 9 survivors (9216K)
 Metaspace       used 92747K, committed 93440K, reserved 1130496K
  class space    used 12141K, committed 12480K, reserved 1048576K
}
Event: 7265.843 GC heap after
{Heap after GC invocations=79 (full 9):
 garbage-first heap   total 222208K, used 125225K [0x00000000c0000000, 0x0000000100000000)
  region size 1024K, 8 young (8192K), 8 survivors (8192K)
 Metaspace       used 92747K, committed 93440K, reserved 1130496K
  class space    used 12141K, committed 12480K, reserved 1048576K
}
Event: 7265.955 GC heap before
{Heap before GC invocations=79 (full 9):
 garbage-first heap   total 222208K, used 162089K [0x00000000c0000000, 0x0000000100000000)
  region size 1024K, 44 young (45056K), 8 survivors (8192K)
 Metaspace       used 92776K, committed 93440K, reserved 1130496K
  class space    used 12143K, committed 12480K, reserved 1048576K
}
Event: 7266.008 GC heap after
{Heap after GC invocations=80 (full 9):
 garbage-first heap   total 222208K, used 137513K [0x00000000c0000000, 0x0000000100000000)
  region size 1024K, 6 young (6144K), 6 survivors (6144K)
 Metaspace       used 92776K, committed 93440K, reserved 1130496K
  class space    used 12143K, committed 12480K, reserved 1048576K
}
Event: 7266.119 GC heap before
{Heap before GC invocations=80 (full 9):
 garbage-first heap   total 222208K, used 167209K [0x00000000c0000000, 0x0000000100000000)
  region size 1024K, 36 young (36864K), 6 survivors (6144K)
 Metaspace       used 92776K, committed 93440K, reserved 1130496K
  class space    used 12143K, committed 12480K, reserved 1048576K
}
Event: 7266.132 GC heap after
{Heap after GC invocations=81 (full 9):
 garbage-first heap   total 222208K, used 142633K [0x00000000c0000000, 0x0000000100000000)
  region size 1024K, 4 young (4096K), 4 survivors (4096K)
 Metaspace       used 92776K, committed 93440K, reserved 1130496K
  class space    used 12143K, committed 12480K, reserved 1048576K
}
Event: 7266.212 GC heap before
{Heap before GC invocations=81 (full 9):
 garbage-first heap   total 222208K, used 172329K [0x00000000c0000000, 0x0000000100000000)
  region size 1024K, 33 young (33792K), 4 survivors (4096K)
 Metaspace       used 92776K, committed 93440K, reserved 1130496K
  class space    used 12143K, committed 12480K, reserved 1048576K
}
Event: 7266.226 GC heap after
{Heap after GC invocations=82 (full 9):
 garbage-first heap   total 395264K, used 147486K [0x00000000c0000000, 0x0000000100000000)
  region size 1024K, 5 young (5120K), 5 survivors (5120K)
 Metaspace       used 92776K, committed 93440K, reserved 1130496K
  class space    used 12143K, committed 12480K, reserved 1048576K
}

